[1.098s] DEBUG:colcon:Command line arguments: ['/usr/bin/colcon', 'build', '--packages-select', 'openvins_testing']
[1.099s] DEBUG:colcon:Parsed command line arguments: Namespace(allow_overriding=[], ament_cmake_args=None, base_paths=['.'], build_base='build', catkin_cmake_args=None, catkin_skip_building_tests=False, cmake_args=None, cmake_clean_cache=False, cmake_clean_first=False, cmake_force_configure=False, cmake_target=None, cmake_target_skip_unavailable=False, continue_on_error=False, event_handlers=None, executor='parallel', ignore_user_meta=False, install_base='install', log_base=None, log_level=None, main=<bound method BuildVerb.main of <colcon_core.verb.build.BuildVerb object at 0x7f96406eb0>>, merge_install=False, metas=['./colcon.meta'], packages_above=None, packages_above_and_dependencies=None, packages_above_depth=None, packages_end=None, packages_ignore=None, packages_ignore_regex=None, packages_select=['openvins_testing'], packages_select_build_failed=False, packages_select_by_dep=None, packages_select_regex=None, packages_select_test_failures=False, packages_skip=None, packages_skip_build_finished=False, packages_skip_by_dep=None, packages_skip_regex=None, packages_skip_test_passed=False, packages_skip_up_to=None, packages_start=None, packages_up_to=None, packages_up_to_regex=None, parallel_workers=4, paths=None, symlink_install=False, test_result_base=None, verb_extension=<colcon_core.verb.build.BuildVerb object at 0x7f96406eb0>, verb_name='build', verb_parser=<colcon_defaults.argument_parser.defaults.DefaultArgumentsDecorator object at 0x7f96317b50>)
[1.944s] Level 1:colcon.colcon_core.package_discovery:discover_packages(colcon_meta) check parameters
[1.945s] Level 1:colcon.colcon_core.package_discovery:discover_packages(recursive) check parameters
[1.945s] Level 1:colcon.colcon_core.package_discovery:discover_packages(ignore) check parameters
[1.945s] Level 1:colcon.colcon_core.package_discovery:discover_packages(path) check parameters
[1.945s] Level 1:colcon.colcon_core.package_discovery:discover_packages(colcon_meta) discover
[1.946s] Level 1:colcon.colcon_core.package_discovery:discover_packages(recursive) discover
[1.946s] INFO:colcon.colcon_core.package_discovery:Crawling recursively for packages in '/home/jetson/luna/Lunabotics-WPI-25/Jetson'
[1.946s] Level 1:colcon.colcon_core.package_identification:_identify(.) by extensions ['ignore', 'ignore_ament_install']
[1.947s] Level 1:colcon.colcon_core.package_identification:_identify(.) by extension 'ignore'
[1.947s] Level 1:colcon.colcon_core.package_identification:_identify(.) by extension 'ignore_ament_install'
[1.947s] Level 1:colcon.colcon_core.package_identification:_identify(.) by extensions ['colcon_pkg']
[1.947s] Level 1:colcon.colcon_core.package_identification:_identify(.) by extension 'colcon_pkg'
[1.948s] Level 1:colcon.colcon_core.package_identification:_identify(.) by extensions ['colcon_meta']
[1.948s] Level 1:colcon.colcon_core.package_identification:_identify(.) by extension 'colcon_meta'
[1.948s] Level 1:colcon.colcon_core.package_identification:_identify(.) by extensions ['ros']
[1.948s] Level 1:colcon.colcon_core.package_identification:_identify(.) by extension 'ros'
[2.008s] Level 1:colcon.colcon_core.package_identification:_identify(.) by extensions ['cmake', 'python']
[2.008s] Level 1:colcon.colcon_core.package_identification:_identify(.) by extension 'cmake'
[2.008s] Level 1:colcon.colcon_core.package_identification:_identify(.) by extension 'python'
[2.009s] Level 1:colcon.colcon_core.package_identification:_identify(.) by extensions ['python_setup_py']
[2.009s] Level 1:colcon.colcon_core.package_identification:_identify(.) by extension 'python_setup_py'
[2.009s] Level 1:colcon.colcon_core.package_identification:_identify(build) by extensions ['ignore', 'ignore_ament_install']
[2.010s] Level 1:colcon.colcon_core.package_identification:_identify(build) by extension 'ignore'
[2.010s] Level 1:colcon.colcon_core.package_identification:_identify(build) ignored
[2.010s] Level 1:colcon.colcon_core.package_identification:_identify(install) by extensions ['ignore', 'ignore_ament_install']
[2.011s] Level 1:colcon.colcon_core.package_identification:_identify(install) by extension 'ignore'
[2.011s] Level 1:colcon.colcon_core.package_identification:_identify(install) ignored
[2.011s] Level 1:colcon.colcon_core.package_identification:_identify(log) by extensions ['ignore', 'ignore_ament_install']
[2.012s] Level 1:colcon.colcon_core.package_identification:_identify(log) by extension 'ignore'
[2.012s] Level 1:colcon.colcon_core.package_identification:_identify(log) ignored
[2.012s] Level 1:colcon.colcon_core.package_identification:_identify(openvins_testing) by extensions ['ignore', 'ignore_ament_install']
[2.013s] Level 1:colcon.colcon_core.package_identification:_identify(openvins_testing) by extension 'ignore'
[2.013s] Level 1:colcon.colcon_core.package_identification:_identify(openvins_testing) by extension 'ignore_ament_install'
[2.013s] Level 1:colcon.colcon_core.package_identification:_identify(openvins_testing) by extensions ['colcon_pkg']
[2.013s] Level 1:colcon.colcon_core.package_identification:_identify(openvins_testing) by extension 'colcon_pkg'
[2.014s] Level 1:colcon.colcon_core.package_identification:_identify(openvins_testing) by extensions ['colcon_meta']
[2.014s] Level 1:colcon.colcon_core.package_identification:_identify(openvins_testing) by extension 'colcon_meta'
[2.014s] Level 1:colcon.colcon_core.package_identification:_identify(openvins_testing) by extensions ['ros']
[2.014s] Level 1:colcon.colcon_core.package_identification:_identify(openvins_testing) by extension 'ros'
[2.027s] DEBUG:colcon.colcon_core.package_identification:Package 'openvins_testing' with type 'ros.ament_python' and name 'openvins_testing'
[2.027s] Level 1:colcon.colcon_core.package_discovery:discover_packages(recursive) using defaults
[2.028s] Level 1:colcon.colcon_core.package_discovery:discover_packages(ignore) discover
[2.028s] Level 1:colcon.colcon_core.package_discovery:discover_packages(ignore) using defaults
[2.028s] Level 1:colcon.colcon_core.package_discovery:discover_packages(path) discover
[2.028s] Level 1:colcon.colcon_core.package_discovery:discover_packages(path) using defaults
[2.106s] Level 1:colcon.colcon_core.package_discovery:discover_packages(prefix_path) check parameters
[2.106s] Level 1:colcon.colcon_core.package_discovery:discover_packages(prefix_path) discover
[2.117s] DEBUG:colcon.colcon_installed_package_information.package_discovery:Found 5 installed packages in /home/jetson/workspace/catkin_ws_ov/install
[2.124s] DEBUG:colcon.colcon_installed_package_information.package_discovery:Found 273 installed packages in /opt/ros/galactic
[2.133s] Level 1:colcon.colcon_core.package_discovery:discover_packages(prefix_path) using defaults
[2.557s] Level 5:colcon.colcon_core.verb:set package 'openvins_testing' build argument 'cmake_args' from command line to 'None'
[2.557s] Level 5:colcon.colcon_core.verb:set package 'openvins_testing' build argument 'cmake_target' from command line to 'None'
[2.557s] Level 5:colcon.colcon_core.verb:set package 'openvins_testing' build argument 'cmake_target_skip_unavailable' from command line to 'False'
[2.557s] Level 5:colcon.colcon_core.verb:set package 'openvins_testing' build argument 'cmake_clean_cache' from command line to 'False'
[2.557s] Level 5:colcon.colcon_core.verb:set package 'openvins_testing' build argument 'cmake_clean_first' from command line to 'False'
[2.557s] Level 5:colcon.colcon_core.verb:set package 'openvins_testing' build argument 'cmake_force_configure' from command line to 'False'
[2.558s] Level 5:colcon.colcon_core.verb:set package 'openvins_testing' build argument 'ament_cmake_args' from command line to 'None'
[2.558s] Level 5:colcon.colcon_core.verb:set package 'openvins_testing' build argument 'catkin_cmake_args' from command line to 'None'
[2.558s] Level 5:colcon.colcon_core.verb:set package 'openvins_testing' build argument 'catkin_skip_building_tests' from command line to 'False'
[2.558s] DEBUG:colcon.colcon_core.verb:Building package 'openvins_testing' with the following arguments: {'ament_cmake_args': None, 'build_base': '/home/jetson/luna/Lunabotics-WPI-25/Jetson/build/openvins_testing', 'catkin_cmake_args': None, 'catkin_skip_building_tests': False, 'cmake_args': None, 'cmake_clean_cache': False, 'cmake_clean_first': False, 'cmake_force_configure': False, 'cmake_target': None, 'cmake_target_skip_unavailable': False, 'install_base': '/home/jetson/luna/Lunabotics-WPI-25/Jetson/install/openvins_testing', 'merge_install': False, 'path': '/home/jetson/luna/Lunabotics-WPI-25/Jetson/openvins_testing', 'symlink_install': False, 'test_result_base': None}
[2.559s] INFO:colcon.colcon_core.executor:Executing jobs using 'parallel' executor
[2.562s] DEBUG:colcon.colcon_parallel_executor.executor.parallel:run_until_complete
[2.563s] INFO:colcon.colcon_ros.task.ament_python.build:Building ROS package in '/home/jetson/luna/Lunabotics-WPI-25/Jetson/openvins_testing' with build type 'ament_python'
[2.563s] Level 1:colcon.colcon_core.shell:create_environment_hook('openvins_testing', 'ament_prefix_path')
[2.571s] INFO:colcon.colcon_core.plugin_system:Skipping extension 'colcon_core.shell.bat': Not used on non-Windows systems
[2.572s] INFO:colcon.colcon_core.shell:Creating environment hook '/home/jetson/luna/Lunabotics-WPI-25/Jetson/install/openvins_testing/share/openvins_testing/hook/ament_prefix_path.ps1'
[2.576s] INFO:colcon.colcon_core.shell:Creating environment descriptor '/home/jetson/luna/Lunabotics-WPI-25/Jetson/install/openvins_testing/share/openvins_testing/hook/ament_prefix_path.dsv'
[2.579s] INFO:colcon.colcon_core.shell:Creating environment hook '/home/jetson/luna/Lunabotics-WPI-25/Jetson/install/openvins_testing/share/openvins_testing/hook/ament_prefix_path.sh'
[2.583s] INFO:colcon.colcon_core.shell:Skip shell extension 'powershell' for command environment: Not usable outside of PowerShell
[2.584s] DEBUG:colcon.colcon_core.shell:Skip shell extension 'dsv' for command environment
[3.633s] INFO:colcon.colcon_core.task.python.build:Building Python package in '/home/jetson/luna/Lunabotics-WPI-25/Jetson/openvins_testing'
[3.635s] INFO:colcon.colcon_core.shell:Skip shell extension 'powershell' for command environment: Not usable outside of PowerShell
[3.635s] DEBUG:colcon.colcon_core.shell:Skip shell extension 'dsv' for command environment
[5.362s] DEBUG:colcon.colcon_core.event_handler.log_command:Invoking command in '/home/jetson/luna/Lunabotics-WPI-25/Jetson/openvins_testing': PYTHONPATH=/home/jetson/luna/Lunabotics-WPI-25/Jetson/build/openvins_testing/prefix_override:/usr/lib/python3/dist-packages/colcon_core/task/python/colcon_distutils_commands:/home/jetson/luna/Lunabotics-WPI-25/Jetson/install/openvins_testing/lib/python3.8/site-packages:${PYTHONPATH} /usr/bin/python3 -W ignore:setup.py install is deprecated setup.py egg_info --egg-base ../build/openvins_testing build --build-base /home/jetson/luna/Lunabotics-WPI-25/Jetson/build/openvins_testing/build install --record /home/jetson/luna/Lunabotics-WPI-25/Jetson/build/openvins_testing/install.log --single-version-externally-managed install_data
[6.718s] DEBUG:colcon.colcon_core.event_handler.log_command:Invoked command in '/home/jetson/luna/Lunabotics-WPI-25/Jetson/openvins_testing' returned '0': PYTHONPATH=/home/jetson/luna/Lunabotics-WPI-25/Jetson/build/openvins_testing/prefix_override:/usr/lib/python3/dist-packages/colcon_core/task/python/colcon_distutils_commands:/home/jetson/luna/Lunabotics-WPI-25/Jetson/install/openvins_testing/lib/python3.8/site-packages:${PYTHONPATH} /usr/bin/python3 -W ignore:setup.py install is deprecated setup.py egg_info --egg-base ../build/openvins_testing build --build-base /home/jetson/luna/Lunabotics-WPI-25/Jetson/build/openvins_testing/build install --record /home/jetson/luna/Lunabotics-WPI-25/Jetson/build/openvins_testing/install.log --single-version-externally-managed install_data
[6.731s] Level 1:colcon.colcon_core.environment:checking '/home/jetson/luna/Lunabotics-WPI-25/Jetson/install/openvins_testing' for CMake module files
[6.733s] Level 1:colcon.colcon_core.environment:checking '/home/jetson/luna/Lunabotics-WPI-25/Jetson/install/openvins_testing' for CMake config files
[6.736s] Level 1:colcon.colcon_core.environment:checking '/home/jetson/luna/Lunabotics-WPI-25/Jetson/install/openvins_testing/lib'
[6.737s] Level 1:colcon.colcon_core.environment:checking '/home/jetson/luna/Lunabotics-WPI-25/Jetson/install/openvins_testing/bin'
[6.737s] Level 1:colcon.colcon_core.environment:checking '/home/jetson/luna/Lunabotics-WPI-25/Jetson/install/openvins_testing/lib/pkgconfig/openvins_testing.pc'
[6.738s] Level 1:colcon.colcon_core.environment:checking '/home/jetson/luna/Lunabotics-WPI-25/Jetson/install/openvins_testing/lib/python3.8/site-packages'
[6.738s] Level 1:colcon.colcon_core.shell:create_environment_hook('openvins_testing', 'pythonpath')
[6.740s] INFO:colcon.colcon_core.shell:Creating environment hook '/home/jetson/luna/Lunabotics-WPI-25/Jetson/install/openvins_testing/share/openvins_testing/hook/pythonpath.ps1'
[6.742s] INFO:colcon.colcon_core.shell:Creating environment descriptor '/home/jetson/luna/Lunabotics-WPI-25/Jetson/install/openvins_testing/share/openvins_testing/hook/pythonpath.dsv'
[6.743s] INFO:colcon.colcon_core.shell:Creating environment hook '/home/jetson/luna/Lunabotics-WPI-25/Jetson/install/openvins_testing/share/openvins_testing/hook/pythonpath.sh'
[6.745s] Level 1:colcon.colcon_core.environment:checking '/home/jetson/luna/Lunabotics-WPI-25/Jetson/install/openvins_testing/bin'
[6.746s] Level 1:colcon.colcon_core.environment:create_environment_scripts_only(openvins_testing)
[6.748s] INFO:colcon.colcon_core.shell:Creating package script '/home/jetson/luna/Lunabotics-WPI-25/Jetson/install/openvins_testing/share/openvins_testing/package.ps1'
[6.752s] INFO:colcon.colcon_core.shell:Creating package descriptor '/home/jetson/luna/Lunabotics-WPI-25/Jetson/install/openvins_testing/share/openvins_testing/package.dsv'
[6.755s] INFO:colcon.colcon_core.shell:Creating package script '/home/jetson/luna/Lunabotics-WPI-25/Jetson/install/openvins_testing/share/openvins_testing/package.sh'
[6.759s] INFO:colcon.colcon_core.shell:Creating package script '/home/jetson/luna/Lunabotics-WPI-25/Jetson/install/openvins_testing/share/openvins_testing/package.bash'
[6.763s] INFO:colcon.colcon_core.shell:Creating package script '/home/jetson/luna/Lunabotics-WPI-25/Jetson/install/openvins_testing/share/openvins_testing/package.zsh'
[6.767s] Level 1:colcon.colcon_core.environment:create_file_with_runtime_dependencies(/home/jetson/luna/Lunabotics-WPI-25/Jetson/install/openvins_testing/share/colcon-core/packages/openvins_testing)
[6.768s] DEBUG:colcon.colcon_parallel_executor.executor.parallel:closing loop
[6.769s] DEBUG:colcon.colcon_parallel_executor.executor.parallel:loop closed
[6.769s] DEBUG:colcon.colcon_parallel_executor.executor.parallel:run_until_complete finished with '0'
[6.769s] DEBUG:colcon.colcon_core.event_reactor:joining thread
[6.794s] INFO:colcon.colcon_core.plugin_system:Skipping extension 'colcon_notification.desktop_notification.terminal_notifier': Not used on non-Darwin systems
[6.795s] INFO:colcon.colcon_core.plugin_system:Skipping extension 'colcon_notification.desktop_notification.win32': Not used on non-Windows systems
[6.795s] INFO:colcon.colcon_notification.desktop_notification:Sending desktop notification using 'notify2'
[6.857s] DEBUG:colcon.colcon_core.event_reactor:joined thread
[6.858s] INFO:colcon.colcon_core.shell:Creating prefix script '/home/jetson/luna/Lunabotics-WPI-25/Jetson/install/local_setup.ps1'
[6.863s] INFO:colcon.colcon_core.shell:Creating prefix util module '/home/jetson/luna/Lunabotics-WPI-25/Jetson/install/_local_setup_util_ps1.py'
[6.871s] INFO:colcon.colcon_core.shell:Creating prefix chain script '/home/jetson/luna/Lunabotics-WPI-25/Jetson/install/setup.ps1'
[6.878s] INFO:colcon.colcon_core.shell:Creating prefix script '/home/jetson/luna/Lunabotics-WPI-25/Jetson/install/local_setup.sh'
[6.882s] INFO:colcon.colcon_core.shell:Creating prefix util module '/home/jetson/luna/Lunabotics-WPI-25/Jetson/install/_local_setup_util_sh.py'
[6.884s] INFO:colcon.colcon_core.shell:Creating prefix chain script '/home/jetson/luna/Lunabotics-WPI-25/Jetson/install/setup.sh'
[6.890s] INFO:colcon.colcon_core.shell:Creating prefix script '/home/jetson/luna/Lunabotics-WPI-25/Jetson/install/local_setup.bash'
[6.893s] INFO:colcon.colcon_core.shell:Creating prefix chain script '/home/jetson/luna/Lunabotics-WPI-25/Jetson/install/setup.bash'
[6.900s] INFO:colcon.colcon_core.shell:Creating prefix script '/home/jetson/luna/Lunabotics-WPI-25/Jetson/install/local_setup.zsh'
[6.902s] INFO:colcon.colcon_core.shell:Creating prefix chain script '/home/jetson/luna/Lunabotics-WPI-25/Jetson/install/setup.zsh'
