[0.947s] DEBUG:colcon:Command line arguments: ['/usr/bin/colcon', 'build', '--packages-select', 'openVinsTest']
[0.947s] DEBUG:colcon:Parsed command line arguments: Namespace(allow_overriding=[], ament_cmake_args=None, base_paths=['.'], bazel_args=None, bazel_task=None, build_base='build', catkin_cmake_args=None, catkin_skip_building_tests=False, cmake_args=None, cmake_clean_cache=False, cmake_clean_first=False, cmake_force_configure=False, cmake_target=None, cmake_target_skip_unavailable=False, continue_on_error=False, event_handlers=None, executor='parallel', ignore_user_meta=False, install_base='install', log_base=None, log_level=None, main=<bound method BuildVerb.main of <colcon_core.verb.build.BuildVerb object at 0x7f773bb910>>, merge_install=False, metas=['./colcon.meta'], mixin=None, mixin_files=None, mixin_verb=('build',), packages_above=None, packages_above_and_dependencies=None, packages_above_depth=None, packages_end=None, packages_ignore=None, packages_ignore_regex=None, packages_select=['openVinsTest'], packages_select_build_failed=False, packages_select_by_dep=None, packages_select_regex=None, packages_select_test_failures=False, packages_skip=None, packages_skip_build_finished=False, packages_skip_by_dep=None, packages_skip_regex=None, packages_skip_test_passed=False, packages_skip_up_to=None, packages_start=None, packages_up_to=None, packages_up_to_regex=None, parallel_workers=4, paths=None, symlink_install=False, test_result_base=None, verb_extension=<colcon_core.verb.build.BuildVerb object at 0x7f773bb910>, verb_name='build', verb_parser=<colcon_alias.argument_parser.alias.AliasArgumentDecorator object at 0x7f772205e0>)
[1.793s] Level 1:colcon.colcon_core.package_discovery:discover_packages(colcon_meta) check parameters
[1.794s] Level 1:colcon.colcon_core.package_discovery:discover_packages(recursive) check parameters
[1.794s] Level 1:colcon.colcon_core.package_discovery:discover_packages(ignore) check parameters
[1.794s] Level 1:colcon.colcon_core.package_discovery:discover_packages(path) check parameters
[1.794s] Level 1:colcon.colcon_core.package_discovery:discover_packages(colcon_meta) discover
[1.794s] Level 1:colcon.colcon_core.package_discovery:discover_packages(recursive) discover
[1.794s] INFO:colcon.colcon_core.package_discovery:Crawling recursively for packages in '/home/jetson/luna/Lunabotics-WPI-25/Jetson/src'
[1.795s] Level 1:colcon.colcon_core.package_identification:_identify(.) by extensions ['ignore', 'ignore_ament_install']
[1.795s] Level 1:colcon.colcon_core.package_identification:_identify(.) by extension 'ignore'
[1.796s] Level 1:colcon.colcon_core.package_identification:_identify(.) by extension 'ignore_ament_install'
[1.796s] Level 1:colcon.colcon_core.package_identification:_identify(.) by extensions ['colcon_pkg']
[1.796s] Level 1:colcon.colcon_core.package_identification:_identify(.) by extension 'colcon_pkg'
[1.796s] Level 1:colcon.colcon_core.package_identification:_identify(.) by extensions ['colcon_meta']
[1.796s] Level 1:colcon.colcon_core.package_identification:_identify(.) by extension 'colcon_meta'
[1.797s] Level 1:colcon.colcon_core.package_identification:_identify(.) by extensions ['ros']
[1.797s] Level 1:colcon.colcon_core.package_identification:_identify(.) by extension 'ros'
[1.809s] Level 1:colcon.colcon_core.package_identification:_identify(.) by extensions ['bazel', 'cmake', 'python']
[1.809s] Level 1:colcon.colcon_core.package_identification:_identify(.) by extension 'bazel'
[1.809s] Level 1:colcon.colcon_core.package_identification:_identify(.) by extension 'cmake'
[1.810s] Level 1:colcon.colcon_core.package_identification:_identify(.) by extension 'python'
[1.810s] Level 1:colcon.colcon_core.package_identification:_identify(.) by extensions ['python_setup_py']
[1.810s] Level 1:colcon.colcon_core.package_identification:_identify(.) by extension 'python_setup_py'
[1.810s] Level 1:colcon.colcon_core.package_identification:_identify(build) by extensions ['ignore', 'ignore_ament_install']
[1.811s] Level 1:colcon.colcon_core.package_identification:_identify(build) by extension 'ignore'
[1.811s] Level 1:colcon.colcon_core.package_identification:_identify(build) ignored
[1.811s] Level 1:colcon.colcon_core.package_identification:_identify(install) by extensions ['ignore', 'ignore_ament_install']
[1.812s] Level 1:colcon.colcon_core.package_identification:_identify(install) by extension 'ignore'
[1.812s] Level 1:colcon.colcon_core.package_identification:_identify(install) ignored
[1.812s] Level 1:colcon.colcon_core.package_identification:_identify(log) by extensions ['ignore', 'ignore_ament_install']
[1.813s] Level 1:colcon.colcon_core.package_identification:_identify(log) by extension 'ignore'
[1.813s] Level 1:colcon.colcon_core.package_identification:_identify(log) ignored
[1.813s] Level 1:colcon.colcon_core.package_identification:_identify(openVinsTest) by extensions ['ignore', 'ignore_ament_install']
[1.813s] Level 1:colcon.colcon_core.package_identification:_identify(openVinsTest) by extension 'ignore'
[1.814s] Level 1:colcon.colcon_core.package_identification:_identify(openVinsTest) by extension 'ignore_ament_install'
[1.814s] Level 1:colcon.colcon_core.package_identification:_identify(openVinsTest) by extensions ['colcon_pkg']
[1.814s] Level 1:colcon.colcon_core.package_identification:_identify(openVinsTest) by extension 'colcon_pkg'
[1.814s] Level 1:colcon.colcon_core.package_identification:_identify(openVinsTest) by extensions ['colcon_meta']
[1.814s] Level 1:colcon.colcon_core.package_identification:_identify(openVinsTest) by extension 'colcon_meta'
[1.815s] Level 1:colcon.colcon_core.package_identification:_identify(openVinsTest) by extensions ['ros']
[1.815s] Level 1:colcon.colcon_core.package_identification:_identify(openVinsTest) by extension 'ros'
[1.825s] DEBUG:colcon.colcon_core.package_identification:Package 'openVinsTest' with type 'ros.ament_python' and name 'openVinsTest'
[1.825s] Level 1:colcon.colcon_core.package_discovery:discover_packages(recursive) using defaults
[1.825s] Level 1:colcon.colcon_core.package_discovery:discover_packages(ignore) discover
[1.825s] Level 1:colcon.colcon_core.package_discovery:discover_packages(ignore) using defaults
[1.825s] Level 1:colcon.colcon_core.package_discovery:discover_packages(path) discover
[1.825s] Level 1:colcon.colcon_core.package_discovery:discover_packages(path) using defaults
[1.940s] Level 1:colcon.colcon_core.package_discovery:discover_packages(prefix_path) check parameters
[1.940s] Level 1:colcon.colcon_core.package_discovery:discover_packages(prefix_path) discover
[1.949s] DEBUG:colcon.colcon_installed_package_information.package_discovery:Found 5 installed packages in /home/jetson/workspace/catkin_ws_ov/install
[1.956s] DEBUG:colcon.colcon_installed_package_information.package_discovery:Found 273 installed packages in /opt/ros/galactic
[1.964s] Level 1:colcon.colcon_core.package_discovery:discover_packages(prefix_path) using defaults
[2.296s] Level 5:colcon.colcon_core.verb:set package 'openVinsTest' build argument 'bazel_args' from command line to 'None'
[2.296s] Level 5:colcon.colcon_core.verb:set package 'openVinsTest' build argument 'bazel_task' from command line to 'None'
[2.296s] Level 5:colcon.colcon_core.verb:set package 'openVinsTest' build argument 'cmake_args' from command line to 'None'
[2.296s] Level 5:colcon.colcon_core.verb:set package 'openVinsTest' build argument 'cmake_target' from command line to 'None'
[2.296s] Level 5:colcon.colcon_core.verb:set package 'openVinsTest' build argument 'cmake_target_skip_unavailable' from command line to 'False'
[2.296s] Level 5:colcon.colcon_core.verb:set package 'openVinsTest' build argument 'cmake_clean_cache' from command line to 'False'
[2.296s] Level 5:colcon.colcon_core.verb:set package 'openVinsTest' build argument 'cmake_clean_first' from command line to 'False'
[2.297s] Level 5:colcon.colcon_core.verb:set package 'openVinsTest' build argument 'cmake_force_configure' from command line to 'False'
[2.297s] Level 5:colcon.colcon_core.verb:set package 'openVinsTest' build argument 'ament_cmake_args' from command line to 'None'
[2.297s] Level 5:colcon.colcon_core.verb:set package 'openVinsTest' build argument 'catkin_cmake_args' from command line to 'None'
[2.297s] Level 5:colcon.colcon_core.verb:set package 'openVinsTest' build argument 'catkin_skip_building_tests' from command line to 'False'
[2.297s] DEBUG:colcon.colcon_core.verb:Building package 'openVinsTest' with the following arguments: {'ament_cmake_args': None, 'bazel_args': None, 'bazel_task': None, 'build_base': '/home/jetson/luna/Lunabotics-WPI-25/Jetson/src/build/openVinsTest', 'catkin_cmake_args': None, 'catkin_skip_building_tests': False, 'cmake_args': None, 'cmake_clean_cache': False, 'cmake_clean_first': False, 'cmake_force_configure': False, 'cmake_target': None, 'cmake_target_skip_unavailable': False, 'install_base': '/home/jetson/luna/Lunabotics-WPI-25/Jetson/src/install/openVinsTest', 'merge_install': False, 'path': '/home/jetson/luna/Lunabotics-WPI-25/Jetson/src/openVinsTest', 'symlink_install': False, 'test_result_base': None}
[2.298s] INFO:colcon.colcon_core.executor:Executing jobs using 'parallel' executor
[2.301s] DEBUG:colcon.colcon_parallel_executor.executor.parallel:run_until_complete
[2.302s] INFO:colcon.colcon_ros.task.ament_python.build:Building ROS package in '/home/jetson/luna/Lunabotics-WPI-25/Jetson/src/openVinsTest' with build type 'ament_python'
[2.302s] Level 1:colcon.colcon_core.shell:create_environment_hook('openVinsTest', 'ament_prefix_path')
[2.312s] INFO:colcon.colcon_core.plugin_system:Skipping extension 'colcon_core.shell.bat': Not used on non-Windows systems
[2.313s] INFO:colcon.colcon_core.shell:Creating environment hook '/home/jetson/luna/Lunabotics-WPI-25/Jetson/src/install/openVinsTest/share/openVinsTest/hook/ament_prefix_path.ps1'
[2.316s] INFO:colcon.colcon_core.shell:Creating environment descriptor '/home/jetson/luna/Lunabotics-WPI-25/Jetson/src/install/openVinsTest/share/openVinsTest/hook/ament_prefix_path.dsv'
[2.318s] INFO:colcon.colcon_core.shell:Creating environment hook '/home/jetson/luna/Lunabotics-WPI-25/Jetson/src/install/openVinsTest/share/openVinsTest/hook/ament_prefix_path.sh'
[2.322s] DEBUG:colcon.colcon_ros_domain_id_coordinator.shell.ros_domain_id:Allocated ROS_DOMAIN_ID=26 for '/home/jetson/luna/Lunabotics-WPI-25/Jetson/src/build/openVinsTest'
[2.322s] INFO:colcon.colcon_core.shell:Skip shell extension 'ros_domain_id' for command environment: 
[2.322s] INFO:colcon.colcon_core.shell:Skip shell extension 'powershell' for command environment: Not usable outside of PowerShell
[2.322s] DEBUG:colcon.colcon_core.shell:Skip shell extension 'dsv' for command environment
[3.407s] INFO:colcon.colcon_core.task.python.build:Building Python package in '/home/jetson/luna/Lunabotics-WPI-25/Jetson/src/openVinsTest'
[3.409s] DEBUG:colcon.colcon_ros_domain_id_coordinator.shell.ros_domain_id:Allocated ROS_DOMAIN_ID=26 for '/home/jetson/luna/Lunabotics-WPI-25/Jetson/src/build/openVinsTest'
[3.410s] INFO:colcon.colcon_core.shell:Skip shell extension 'ros_domain_id' for command environment: 
[3.410s] INFO:colcon.colcon_core.shell:Skip shell extension 'powershell' for command environment: Not usable outside of PowerShell
[3.410s] DEBUG:colcon.colcon_core.shell:Skip shell extension 'dsv' for command environment
[5.192s] DEBUG:colcon.colcon_core.event_handler.log_command:Invoking command in '/home/jetson/luna/Lunabotics-WPI-25/Jetson/src/openVinsTest': PYTHONPATH=/home/jetson/luna/Lunabotics-WPI-25/Jetson/src/build/openVinsTest/prefix_override:/usr/lib/python3/dist-packages/colcon_core/task/python/colcon_distutils_commands:/home/jetson/luna/Lunabotics-WPI-25/Jetson/src/install/openVinsTest/lib/python3.8/site-packages:${PYTHONPATH} /usr/bin/python3 -W ignore:setup.py install is deprecated setup.py egg_info --egg-base ../build/openVinsTest build --build-base /home/jetson/luna/Lunabotics-WPI-25/Jetson/src/build/openVinsTest/build install --record /home/jetson/luna/Lunabotics-WPI-25/Jetson/src/build/openVinsTest/install.log --single-version-externally-managed install_data
[6.561s] DEBUG:colcon.colcon_core.event_handler.log_command:Invoked command in '/home/jetson/luna/Lunabotics-WPI-25/Jetson/src/openVinsTest' returned '0': PYTHONPATH=/home/jetson/luna/Lunabotics-WPI-25/Jetson/src/build/openVinsTest/prefix_override:/usr/lib/python3/dist-packages/colcon_core/task/python/colcon_distutils_commands:/home/jetson/luna/Lunabotics-WPI-25/Jetson/src/install/openVinsTest/lib/python3.8/site-packages:${PYTHONPATH} /usr/bin/python3 -W ignore:setup.py install is deprecated setup.py egg_info --egg-base ../build/openVinsTest build --build-base /home/jetson/luna/Lunabotics-WPI-25/Jetson/src/build/openVinsTest/build install --record /home/jetson/luna/Lunabotics-WPI-25/Jetson/src/build/openVinsTest/install.log --single-version-externally-managed install_data
[6.570s] Level 1:colcon.colcon_core.environment:checking '/home/jetson/luna/Lunabotics-WPI-25/Jetson/src/install/openVinsTest' for CMake module files
[6.572s] Level 1:colcon.colcon_core.environment:checking '/home/jetson/luna/Lunabotics-WPI-25/Jetson/src/install/openVinsTest' for CMake config files
[6.575s] Level 1:colcon.colcon_core.environment:checking '/home/jetson/luna/Lunabotics-WPI-25/Jetson/src/install/openVinsTest/lib'
[6.576s] Level 1:colcon.colcon_core.environment:checking '/home/jetson/luna/Lunabotics-WPI-25/Jetson/src/install/openVinsTest/bin'
[6.576s] Level 1:colcon.colcon_core.environment:checking '/home/jetson/luna/Lunabotics-WPI-25/Jetson/src/install/openVinsTest/lib/pkgconfig/openVinsTest.pc'
[6.577s] Level 1:colcon.colcon_core.environment:checking '/home/jetson/luna/Lunabotics-WPI-25/Jetson/src/install/openVinsTest/lib/python3.8/site-packages'
[6.577s] Level 1:colcon.colcon_core.shell:create_environment_hook('openVinsTest', 'pythonpath')
[6.579s] INFO:colcon.colcon_core.shell:Creating environment hook '/home/jetson/luna/Lunabotics-WPI-25/Jetson/src/install/openVinsTest/share/openVinsTest/hook/pythonpath.ps1'
[6.580s] INFO:colcon.colcon_core.shell:Creating environment descriptor '/home/jetson/luna/Lunabotics-WPI-25/Jetson/src/install/openVinsTest/share/openVinsTest/hook/pythonpath.dsv'
[6.582s] INFO:colcon.colcon_core.shell:Creating environment hook '/home/jetson/luna/Lunabotics-WPI-25/Jetson/src/install/openVinsTest/share/openVinsTest/hook/pythonpath.sh'
[6.584s] Level 1:colcon.colcon_core.environment:checking '/home/jetson/luna/Lunabotics-WPI-25/Jetson/src/install/openVinsTest/bin'
[6.584s] Level 1:colcon.colcon_core.environment:create_environment_scripts_only(openVinsTest)
[6.586s] INFO:colcon.colcon_core.shell:Creating package script '/home/jetson/luna/Lunabotics-WPI-25/Jetson/src/install/openVinsTest/share/openVinsTest/package.ps1'
[6.589s] INFO:colcon.colcon_core.shell:Creating package descriptor '/home/jetson/luna/Lunabotics-WPI-25/Jetson/src/install/openVinsTest/share/openVinsTest/package.dsv'
[6.592s] INFO:colcon.colcon_core.shell:Creating package script '/home/jetson/luna/Lunabotics-WPI-25/Jetson/src/install/openVinsTest/share/openVinsTest/package.sh'
[6.595s] INFO:colcon.colcon_core.shell:Creating package script '/home/jetson/luna/Lunabotics-WPI-25/Jetson/src/install/openVinsTest/share/openVinsTest/package.bash'
[6.598s] INFO:colcon.colcon_core.shell:Creating package script '/home/jetson/luna/Lunabotics-WPI-25/Jetson/src/install/openVinsTest/share/openVinsTest/package.zsh'
[6.601s] Level 1:colcon.colcon_core.environment:create_file_with_runtime_dependencies(/home/jetson/luna/Lunabotics-WPI-25/Jetson/src/install/openVinsTest/share/colcon-core/packages/openVinsTest)
[6.602s] DEBUG:colcon.colcon_parallel_executor.executor.parallel:closing loop
[6.603s] DEBUG:colcon.colcon_ros_domain_id_coordinator.shell.ros_domain_id:Released ROS_DOMAIN_ID=26 for '/home/jetson/luna/Lunabotics-WPI-25/Jetson/src/build/openVinsTest'
[6.603s] DEBUG:colcon.colcon_parallel_executor.executor.parallel:loop closed
[6.604s] DEBUG:colcon.colcon_parallel_executor.executor.parallel:run_until_complete finished with '0'
[6.604s] DEBUG:colcon.colcon_core.event_reactor:joining thread
[6.622s] INFO:colcon.colcon_core.plugin_system:Skipping extension 'colcon_notification.desktop_notification.terminal_notifier': Not used on non-Darwin systems
[6.623s] INFO:colcon.colcon_core.plugin_system:Skipping extension 'colcon_notification.desktop_notification.win32': Not used on non-Windows systems
[6.624s] INFO:colcon.colcon_notification.desktop_notification:Sending desktop notification using 'notify2'
[6.684s] DEBUG:colcon.colcon_core.event_reactor:joined thread
[6.686s] INFO:colcon.colcon_core.shell:Creating prefix script '/home/jetson/luna/Lunabotics-WPI-25/Jetson/src/install/local_setup.ps1'
[6.690s] INFO:colcon.colcon_core.shell:Creating prefix util module '/home/jetson/luna/Lunabotics-WPI-25/Jetson/src/install/_local_setup_util_ps1.py'
[6.697s] INFO:colcon.colcon_core.shell:Creating prefix chain script '/home/jetson/luna/Lunabotics-WPI-25/Jetson/src/install/setup.ps1'
[6.704s] INFO:colcon.colcon_core.shell:Creating prefix script '/home/jetson/luna/Lunabotics-WPI-25/Jetson/src/install/local_setup.sh'
[6.707s] INFO:colcon.colcon_core.shell:Creating prefix util module '/home/jetson/luna/Lunabotics-WPI-25/Jetson/src/install/_local_setup_util_sh.py'
[6.710s] INFO:colcon.colcon_core.shell:Creating prefix chain script '/home/jetson/luna/Lunabotics-WPI-25/Jetson/src/install/setup.sh'
[6.716s] INFO:colcon.colcon_core.shell:Creating prefix script '/home/jetson/luna/Lunabotics-WPI-25/Jetson/src/install/local_setup.bash'
[6.718s] INFO:colcon.colcon_core.shell:Creating prefix chain script '/home/jetson/luna/Lunabotics-WPI-25/Jetson/src/install/setup.bash'
[6.724s] INFO:colcon.colcon_core.shell:Creating prefix script '/home/jetson/luna/Lunabotics-WPI-25/Jetson/src/install/local_setup.zsh'
[6.727s] INFO:colcon.colcon_core.shell:Creating prefix chain script '/home/jetson/luna/Lunabotics-WPI-25/Jetson/src/install/setup.zsh'
[6.733s] INFO:colcon.colcon_core.shell:Creating '/home/jetson/luna/Lunabotics-WPI-25/Jetson/src/install/spawn_shell.bash'
