[0.000000] (-) TimerEvent: {}
[0.001003] (openVinsTest) JobQueued: {'identifier': 'openVinsTest', 'dependencies': OrderedDict()}
[0.002065] (openVinsTest) JobStarted: {'identifier': 'openVinsTest'}
[0.099197] (-) TimerEvent: {}
[0.199967] (-) TimerEvent: {}
[0.300634] (-) TimerEvent: {}
[0.401281] (-) TimerEvent: {}
[0.501917] (-) TimerEvent: {}
[0.602546] (-) TimerEvent: {}
[0.703168] (-) TimerEvent: {}
[0.803788] (-) TimerEvent: {}
[0.904412] (-) TimerEvent: {}
[1.005043] (-) TimerEvent: {}
[1.105825] (-) TimerEvent: {}
[1.206436] (-) TimerEvent: {}
[1.307030] (-) TimerEvent: {}
[1.407702] (-) TimerEvent: {}
[1.508472] (-) TimerEvent: {}
[1.609425] (-) TimerEvent: {}
[1.641226] (openVinsTest) StderrLine: {'line': b'Traceback (most recent call last):\n  File "/usr/lib/python3/dist-packages/colcon_core/executor/__init__.py", line 91, in __call__\n    rc = await self.task(*args, **kwargs)\n  File "/usr/lib/python3/dist-packages/colcon_core/task/__init__.py", line 93, in __call__\n    return await task_method(*args, **kwargs)\n  File "/usr/lib/python3/dist-packages/colcon_ros/task/ament_python/build.py", line 51, in build\n    setup_py_data = get_setup_data(self.context.pkg, env)\n  File "/usr/lib/python3/dist-packages/colcon_core/task/python/__init__.py", line 20, in get_setup_data\n    return dict(pkg.metadata[key](env))\n  File "/usr/lib/python3/dist-packages/colcon_ros/package_augmentation/ros_ament_python.py", line 57, in getter\n    return get_setup_information(\n  File "/usr/lib/python3/dist-packages/colcon_python_setup_py/package_identification/python_setup_py.py", line 249, in get_setup_information\n    _setup_information_cache[hashable_env] = _get_setup_information(\n  File "/usr/lib/python3/dist-packages/colcon_python_setup_py/package_identification/python_setup_py.py", line 296, in _get_setup_information\n    result = subprocess.run(\n  File "/usr/lib/python3.8/subprocess.py", line 516, in run\n    raise CalledProcessError(retcode, process.args,\nsubprocess.CalledProcessError: Command \'[\'/usr/bin/python3\', \'-c\', \'import sys;from contextlib import suppress;exec("with suppress(ImportError):    from setuptools.extern.packaging.specifiers    import SpecifierSet");exec("with suppress(ImportError):    from packaging.specifiers import SpecifierSet");from distutils.core import run_setup;dist = run_setup(    \\\'setup.py\\\', script_args=(\\\'--dry-run\\\',), stop_after=\\\'config\\\');skip_keys = (\\\'cmdclass\\\', \\\'distclass\\\', \\\'ext_modules\\\', \\\'metadata\\\');data = {    key: value for key, value in dist.__dict__.items()     if (        not key.startswith(\\\'_\\\') and         not callable(value) and         key not in skip_keys and         key not in dist.display_option_names    )};data[\\\'metadata\\\'] = {    k: v for k, v in dist.metadata.__dict__.items()     if k not in (\\\'license_files\\\', \\\'provides_extras\\\')};sys.stdout.buffer.write(repr(data).encode(\\\'utf-8\\\'))\']\' returned non-zero exit status 1.\n'}
[1.643807] (openVinsTest) JobEnded: {'identifier': 'openVinsTest', 'rc': 1}
[1.652744] (-) EventReactorShutdown: {}
