[1.280s] DEBUG:colcon:Command line arguments: ['/usr/bin/colcon', 'build', '--packages-select', 'openVinsTest']
[1.280s] DEBUG:colcon:Parsed command line arguments: Namespace(allow_overriding=[], ament_cmake_args=None, base_paths=['.'], bazel_args=None, bazel_task=None, build_base='build', catkin_cmake_args=None, catkin_skip_building_tests=False, cmake_args=None, cmake_clean_cache=False, cmake_clean_first=False, cmake_force_configure=False, cmake_target=None, cmake_target_skip_unavailable=False, continue_on_error=False, event_handlers=None, executor='parallel', ignore_user_meta=False, install_base='install', log_base=None, log_level=None, main=<bound method BuildVerb.main of <colcon_core.verb.build.BuildVerb object at 0x7fa62a7910>>, merge_install=False, metas=['./colcon.meta'], mixin=None, mixin_files=None, mixin_verb=('build',), packages_above=None, packages_above_and_dependencies=None, packages_above_depth=None, packages_end=None, packages_ignore=None, packages_ignore_regex=None, packages_select=['openVinsTest'], packages_select_build_failed=False, packages_select_by_dep=None, packages_select_regex=None, packages_select_test_failures=False, packages_skip=None, packages_skip_build_finished=False, packages_skip_by_dep=None, packages_skip_regex=None, packages_skip_test_passed=False, packages_skip_up_to=None, packages_start=None, packages_up_to=None, packages_up_to_regex=None, parallel_workers=4, paths=None, symlink_install=False, test_result_base=None, verb_extension=<colcon_core.verb.build.BuildVerb object at 0x7fa62a7910>, verb_name='build', verb_parser=<colcon_alias.argument_parser.alias.AliasArgumentDecorator object at 0x7fa610b5e0>)
[2.150s] Level 1:colcon.colcon_core.package_discovery:discover_packages(colcon_meta) check parameters
[2.151s] Level 1:colcon.colcon_core.package_discovery:discover_packages(recursive) check parameters
[2.156s] Level 1:colcon.colcon_core.package_discovery:discover_packages(ignore) check parameters
[2.156s] Level 1:colcon.colcon_core.package_discovery:discover_packages(path) check parameters
[2.156s] Level 1:colcon.colcon_core.package_discovery:discover_packages(colcon_meta) discover
[2.157s] Level 1:colcon.colcon_core.package_discovery:discover_packages(recursive) discover
[2.157s] INFO:colcon.colcon_core.package_discovery:Crawling recursively for packages in '/home/jetson/luna/Lunabotics-WPI-25/Jetson/src'
[2.158s] Level 1:colcon.colcon_core.package_identification:_identify(.) by extensions ['ignore', 'ignore_ament_install']
[2.158s] Level 1:colcon.colcon_core.package_identification:_identify(.) by extension 'ignore'
[2.159s] Level 1:colcon.colcon_core.package_identification:_identify(.) by extension 'ignore_ament_install'
[2.159s] Level 1:colcon.colcon_core.package_identification:_identify(.) by extensions ['colcon_pkg']
[2.159s] Level 1:colcon.colcon_core.package_identification:_identify(.) by extension 'colcon_pkg'
[2.159s] Level 1:colcon.colcon_core.package_identification:_identify(.) by extensions ['colcon_meta']
[2.160s] Level 1:colcon.colcon_core.package_identification:_identify(.) by extension 'colcon_meta'
[2.160s] Level 1:colcon.colcon_core.package_identification:_identify(.) by extensions ['ros']
[2.160s] Level 1:colcon.colcon_core.package_identification:_identify(.) by extension 'ros'
[2.177s] Level 1:colcon.colcon_core.package_identification:_identify(.) by extensions ['bazel', 'cmake', 'python']
[2.177s] Level 1:colcon.colcon_core.package_identification:_identify(.) by extension 'bazel'
[2.178s] Level 1:colcon.colcon_core.package_identification:_identify(.) by extension 'cmake'
[2.178s] Level 1:colcon.colcon_core.package_identification:_identify(.) by extension 'python'
[2.178s] Level 1:colcon.colcon_core.package_identification:_identify(.) by extensions ['python_setup_py']
[2.178s] Level 1:colcon.colcon_core.package_identification:_identify(.) by extension 'python_setup_py'
[2.179s] Level 1:colcon.colcon_core.package_identification:_identify(build) by extensions ['ignore', 'ignore_ament_install']
[2.179s] Level 1:colcon.colcon_core.package_identification:_identify(build) by extension 'ignore'
[2.179s] Level 1:colcon.colcon_core.package_identification:_identify(build) ignored
[2.180s] Level 1:colcon.colcon_core.package_identification:_identify(install) by extensions ['ignore', 'ignore_ament_install']
[2.180s] Level 1:colcon.colcon_core.package_identification:_identify(install) by extension 'ignore'
[2.180s] Level 1:colcon.colcon_core.package_identification:_identify(install) ignored
[2.181s] Level 1:colcon.colcon_core.package_identification:_identify(log) by extensions ['ignore', 'ignore_ament_install']
[2.181s] Level 1:colcon.colcon_core.package_identification:_identify(log) by extension 'ignore'
[2.181s] Level 1:colcon.colcon_core.package_identification:_identify(log) ignored
[2.181s] Level 1:colcon.colcon_core.package_identification:_identify(openVinsTest) by extensions ['ignore', 'ignore_ament_install']
[2.182s] Level 1:colcon.colcon_core.package_identification:_identify(openVinsTest) by extension 'ignore'
[2.182s] Level 1:colcon.colcon_core.package_identification:_identify(openVinsTest) by extension 'ignore_ament_install'
[2.182s] Level 1:colcon.colcon_core.package_identification:_identify(openVinsTest) by extensions ['colcon_pkg']
[2.182s] Level 1:colcon.colcon_core.package_identification:_identify(openVinsTest) by extension 'colcon_pkg'
[2.183s] Level 1:colcon.colcon_core.package_identification:_identify(openVinsTest) by extensions ['colcon_meta']
[2.183s] Level 1:colcon.colcon_core.package_identification:_identify(openVinsTest) by extension 'colcon_meta'
[2.183s] Level 1:colcon.colcon_core.package_identification:_identify(openVinsTest) by extensions ['ros']
[2.183s] Level 1:colcon.colcon_core.package_identification:_identify(openVinsTest) by extension 'ros'
[2.195s] DEBUG:colcon.colcon_core.package_identification:Package 'openVinsTest' with type 'ros.ament_python' and name 'openVinsTest'
[2.195s] Level 1:colcon.colcon_core.package_discovery:discover_packages(recursive) using defaults
[2.195s] Level 1:colcon.colcon_core.package_discovery:discover_packages(ignore) discover
[2.195s] Level 1:colcon.colcon_core.package_discovery:discover_packages(ignore) using defaults
[2.195s] Level 1:colcon.colcon_core.package_discovery:discover_packages(path) discover
[2.196s] Level 1:colcon.colcon_core.package_discovery:discover_packages(path) using defaults
[2.330s] Level 1:colcon.colcon_core.package_discovery:discover_packages(prefix_path) check parameters
[2.331s] Level 1:colcon.colcon_core.package_discovery:discover_packages(prefix_path) discover
[2.342s] DEBUG:colcon.colcon_installed_package_information.package_discovery:Found 5 installed packages in /home/jetson/workspace/catkin_ws_ov/install
[2.349s] DEBUG:colcon.colcon_installed_package_information.package_discovery:Found 273 installed packages in /opt/ros/galactic
[2.358s] Level 1:colcon.colcon_core.package_discovery:discover_packages(prefix_path) using defaults
[2.797s] Level 5:colcon.colcon_core.verb:set package 'openVinsTest' build argument 'bazel_args' from command line to 'None'
[2.797s] Level 5:colcon.colcon_core.verb:set package 'openVinsTest' build argument 'bazel_task' from command line to 'None'
[2.797s] Level 5:colcon.colcon_core.verb:set package 'openVinsTest' build argument 'cmake_args' from command line to 'None'
[2.797s] Level 5:colcon.colcon_core.verb:set package 'openVinsTest' build argument 'cmake_target' from command line to 'None'
[2.797s] Level 5:colcon.colcon_core.verb:set package 'openVinsTest' build argument 'cmake_target_skip_unavailable' from command line to 'False'
[2.797s] Level 5:colcon.colcon_core.verb:set package 'openVinsTest' build argument 'cmake_clean_cache' from command line to 'False'
[2.798s] Level 5:colcon.colcon_core.verb:set package 'openVinsTest' build argument 'cmake_clean_first' from command line to 'False'
[2.798s] Level 5:colcon.colcon_core.verb:set package 'openVinsTest' build argument 'cmake_force_configure' from command line to 'False'
[2.798s] Level 5:colcon.colcon_core.verb:set package 'openVinsTest' build argument 'ament_cmake_args' from command line to 'None'
[2.798s] Level 5:colcon.colcon_core.verb:set package 'openVinsTest' build argument 'catkin_cmake_args' from command line to 'None'
[2.798s] Level 5:colcon.colcon_core.verb:set package 'openVinsTest' build argument 'catkin_skip_building_tests' from command line to 'False'
[2.798s] DEBUG:colcon.colcon_core.verb:Building package 'openVinsTest' with the following arguments: {'ament_cmake_args': None, 'bazel_args': None, 'bazel_task': None, 'build_base': '/home/jetson/luna/Lunabotics-WPI-25/Jetson/src/build/openVinsTest', 'catkin_cmake_args': None, 'catkin_skip_building_tests': False, 'cmake_args': None, 'cmake_clean_cache': False, 'cmake_clean_first': False, 'cmake_force_configure': False, 'cmake_target': None, 'cmake_target_skip_unavailable': False, 'install_base': '/home/jetson/luna/Lunabotics-WPI-25/Jetson/src/install/openVinsTest', 'merge_install': False, 'path': '/home/jetson/luna/Lunabotics-WPI-25/Jetson/src/openVinsTest', 'symlink_install': False, 'test_result_base': None}
[2.799s] INFO:colcon.colcon_core.executor:Executing jobs using 'parallel' executor
[2.802s] DEBUG:colcon.colcon_parallel_executor.executor.parallel:run_until_complete
[2.804s] INFO:colcon.colcon_ros.task.ament_python.build:Building ROS package in '/home/jetson/luna/Lunabotics-WPI-25/Jetson/src/openVinsTest' with build type 'ament_python'
[2.804s] Level 1:colcon.colcon_core.shell:create_environment_hook('openVinsTest', 'ament_prefix_path')
[2.819s] INFO:colcon.colcon_core.plugin_system:Skipping extension 'colcon_core.shell.bat': Not used on non-Windows systems
[2.820s] INFO:colcon.colcon_core.shell:Creating environment hook '/home/jetson/luna/Lunabotics-WPI-25/Jetson/src/install/openVinsTest/share/openVinsTest/hook/ament_prefix_path.ps1'
[2.824s] INFO:colcon.colcon_core.shell:Creating environment descriptor '/home/jetson/luna/Lunabotics-WPI-25/Jetson/src/install/openVinsTest/share/openVinsTest/hook/ament_prefix_path.dsv'
[2.826s] INFO:colcon.colcon_core.shell:Creating environment hook '/home/jetson/luna/Lunabotics-WPI-25/Jetson/src/install/openVinsTest/share/openVinsTest/hook/ament_prefix_path.sh'
[2.831s] DEBUG:colcon.colcon_ros_domain_id_coordinator.shell.ros_domain_id:Allocated ROS_DOMAIN_ID=77 for '/home/jetson/luna/Lunabotics-WPI-25/Jetson/src/build/openVinsTest'
[2.831s] INFO:colcon.colcon_core.shell:Skip shell extension 'ros_domain_id' for command environment: 
[2.831s] INFO:colcon.colcon_core.shell:Skip shell extension 'powershell' for command environment: Not usable outside of PowerShell
[2.831s] DEBUG:colcon.colcon_core.shell:Skip shell extension 'dsv' for command environment
[4.483s] DEBUG:colcon.colcon_ros_domain_id_coordinator.shell.ros_domain_id:Released ROS_DOMAIN_ID=77 for '/home/jetson/luna/Lunabotics-WPI-25/Jetson/src/build/openVinsTest'
[4.491s] DEBUG:colcon.colcon_parallel_executor.executor.parallel:closing loop
[4.491s] DEBUG:colcon.colcon_parallel_executor.executor.parallel:loop closed
[4.492s] DEBUG:colcon.colcon_parallel_executor.executor.parallel:run_until_complete finished with 'Command '['/usr/bin/python3', '-c', 'import sys;from contextlib import suppress;exec("with suppress(ImportError):    from setuptools.extern.packaging.specifiers    import SpecifierSet");exec("with suppress(ImportError):    from packaging.specifiers import SpecifierSet");from distutils.core import run_setup;dist = run_setup(    \'setup.py\', script_args=(\'--dry-run\',), stop_after=\'config\');skip_keys = (\'cmdclass\', \'distclass\', \'ext_modules\', \'metadata\');data = {    key: value for key, value in dist.__dict__.items()     if (        not key.startswith(\'_\') and         not callable(value) and         key not in skip_keys and         key not in dist.display_option_names    )};data[\'metadata\'] = {    k: v for k, v in dist.metadata.__dict__.items()     if k not in (\'license_files\', \'provides_extras\')};sys.stdout.buffer.write(repr(data).encode(\'utf-8\'))']' returned non-zero exit status 1.'
[4.492s] DEBUG:colcon.colcon_core.event_reactor:joining thread
[4.517s] INFO:colcon.colcon_core.plugin_system:Skipping extension 'colcon_notification.desktop_notification.terminal_notifier': Not used on non-Darwin systems
[4.517s] INFO:colcon.colcon_core.plugin_system:Skipping extension 'colcon_notification.desktop_notification.win32': Not used on non-Windows systems
[4.517s] INFO:colcon.colcon_notification.desktop_notification:Sending desktop notification using 'notify2'
[4.583s] DEBUG:colcon.colcon_core.event_reactor:joined thread
[4.585s] INFO:colcon.colcon_core.shell:Creating prefix script '/home/jetson/luna/Lunabotics-WPI-25/Jetson/src/install/local_setup.ps1'
[4.591s] INFO:colcon.colcon_core.shell:Creating prefix util module '/home/jetson/luna/Lunabotics-WPI-25/Jetson/src/install/_local_setup_util_ps1.py'
[4.599s] INFO:colcon.colcon_core.shell:Creating prefix chain script '/home/jetson/luna/Lunabotics-WPI-25/Jetson/src/install/setup.ps1'
[4.605s] INFO:colcon.colcon_core.shell:Creating prefix script '/home/jetson/luna/Lunabotics-WPI-25/Jetson/src/install/local_setup.sh'
[4.609s] INFO:colcon.colcon_core.shell:Creating prefix util module '/home/jetson/luna/Lunabotics-WPI-25/Jetson/src/install/_local_setup_util_sh.py'
[4.611s] INFO:colcon.colcon_core.shell:Creating prefix chain script '/home/jetson/luna/Lunabotics-WPI-25/Jetson/src/install/setup.sh'
[4.617s] INFO:colcon.colcon_core.shell:Creating prefix script '/home/jetson/luna/Lunabotics-WPI-25/Jetson/src/install/local_setup.bash'
[4.620s] INFO:colcon.colcon_core.shell:Creating prefix chain script '/home/jetson/luna/Lunabotics-WPI-25/Jetson/src/install/setup.bash'
[4.626s] INFO:colcon.colcon_core.shell:Creating prefix script '/home/jetson/luna/Lunabotics-WPI-25/Jetson/src/install/local_setup.zsh'
[4.629s] INFO:colcon.colcon_core.shell:Creating prefix chain script '/home/jetson/luna/Lunabotics-WPI-25/Jetson/src/install/setup.zsh'
[4.635s] INFO:colcon.colcon_core.shell:Creating '/home/jetson/luna/Lunabotics-WPI-25/Jetson/src/install/spawn_shell.bash'
