[1.355s] DEBUG:colcon:Command line arguments: ['/usr/bin/colcon', 'build', '--packages-select', 'openvins_testing']
[1.355s] DEBUG:colcon:Parsed command line arguments: Namespace(allow_overriding=[], ament_cmake_args=None, base_paths=['.'], build_base='build', catkin_cmake_args=None, catkin_skip_building_tests=False, cmake_args=None, cmake_clean_cache=False, cmake_clean_first=False, cmake_force_configure=False, cmake_target=None, cmake_target_skip_unavailable=False, continue_on_error=False, event_handlers=None, executor='parallel', ignore_user_meta=False, install_base='install', log_base=None, log_level=None, main=<bound method BuildVerb.main of <colcon_core.verb.build.BuildVerb object at 0x7f8e734eb0>>, merge_install=False, metas=['./colcon.meta'], packages_above=None, packages_above_and_dependencies=None, packages_above_depth=None, packages_end=None, packages_ignore=None, packages_ignore_regex=None, packages_select=['openvins_testing'], packages_select_build_failed=False, packages_select_by_dep=None, packages_select_regex=None, packages_select_test_failures=False, packages_skip=None, packages_skip_build_finished=False, packages_skip_by_dep=None, packages_skip_regex=None, packages_skip_test_passed=False, packages_skip_up_to=None, packages_start=None, packages_up_to=None, packages_up_to_regex=None, parallel_workers=4, paths=None, symlink_install=False, test_result_base=None, verb_extension=<colcon_core.verb.build.BuildVerb object at 0x7f8e734eb0>, verb_name='build', verb_parser=<colcon_defaults.argument_parser.defaults.DefaultArgumentsDecorator object at 0x7f8e645b50>)
[2.236s] Level 1:colcon.colcon_core.package_discovery:discover_packages(colcon_meta) check parameters
[2.237s] Level 1:colcon.colcon_core.package_discovery:discover_packages(recursive) check parameters
[2.237s] Level 1:colcon.colcon_core.package_discovery:discover_packages(ignore) check parameters
[2.237s] Level 1:colcon.colcon_core.package_discovery:discover_packages(path) check parameters
[2.237s] Level 1:colcon.colcon_core.package_discovery:discover_packages(colcon_meta) discover
[2.238s] Level 1:colcon.colcon_core.package_discovery:discover_packages(recursive) discover
[2.238s] INFO:colcon.colcon_core.package_discovery:Crawling recursively for packages in '/home/jetson/luna/Lunabotics-WPI-25/Jetson'
[2.238s] Level 1:colcon.colcon_core.package_identification:_identify(.) by extensions ['ignore', 'ignore_ament_install']
[2.239s] Level 1:colcon.colcon_core.package_identification:_identify(.) by extension 'ignore'
[2.239s] Level 1:colcon.colcon_core.package_identification:_identify(.) by extension 'ignore_ament_install'
[2.239s] Level 1:colcon.colcon_core.package_identification:_identify(.) by extensions ['colcon_pkg']
[2.239s] Level 1:colcon.colcon_core.package_identification:_identify(.) by extension 'colcon_pkg'
[2.240s] Level 1:colcon.colcon_core.package_identification:_identify(.) by extensions ['colcon_meta']
[2.240s] Level 1:colcon.colcon_core.package_identification:_identify(.) by extension 'colcon_meta'
[2.240s] Level 1:colcon.colcon_core.package_identification:_identify(.) by extensions ['ros']
[2.240s] Level 1:colcon.colcon_core.package_identification:_identify(.) by extension 'ros'
[2.301s] Level 1:colcon.colcon_core.package_identification:_identify(.) by extensions ['cmake', 'python']
[2.302s] Level 1:colcon.colcon_core.package_identification:_identify(.) by extension 'cmake'
[2.302s] Level 1:colcon.colcon_core.package_identification:_identify(.) by extension 'python'
[2.302s] Level 1:colcon.colcon_core.package_identification:_identify(.) by extensions ['python_setup_py']
[2.303s] Level 1:colcon.colcon_core.package_identification:_identify(.) by extension 'python_setup_py'
[2.303s] Level 1:colcon.colcon_core.package_identification:_identify(build) by extensions ['ignore', 'ignore_ament_install']
[2.303s] Level 1:colcon.colcon_core.package_identification:_identify(build) by extension 'ignore'
[2.304s] Level 1:colcon.colcon_core.package_identification:_identify(build) ignored
[2.304s] Level 1:colcon.colcon_core.package_identification:_identify(install) by extensions ['ignore', 'ignore_ament_install']
[2.305s] Level 1:colcon.colcon_core.package_identification:_identify(install) by extension 'ignore'
[2.305s] Level 1:colcon.colcon_core.package_identification:_identify(install) ignored
[2.305s] Level 1:colcon.colcon_core.package_identification:_identify(log) by extensions ['ignore', 'ignore_ament_install']
[2.306s] Level 1:colcon.colcon_core.package_identification:_identify(log) by extension 'ignore'
[2.306s] Level 1:colcon.colcon_core.package_identification:_identify(log) ignored
[2.306s] Level 1:colcon.colcon_core.package_identification:_identify(openvins_testing) by extensions ['ignore', 'ignore_ament_install']
[2.307s] Level 1:colcon.colcon_core.package_identification:_identify(openvins_testing) by extension 'ignore'
[2.307s] Level 1:colcon.colcon_core.package_identification:_identify(openvins_testing) by extension 'ignore_ament_install'
[2.307s] Level 1:colcon.colcon_core.package_identification:_identify(openvins_testing) by extensions ['colcon_pkg']
[2.307s] Level 1:colcon.colcon_core.package_identification:_identify(openvins_testing) by extension 'colcon_pkg'
[2.308s] Level 1:colcon.colcon_core.package_identification:_identify(openvins_testing) by extensions ['colcon_meta']
[2.308s] Level 1:colcon.colcon_core.package_identification:_identify(openvins_testing) by extension 'colcon_meta'
[2.308s] Level 1:colcon.colcon_core.package_identification:_identify(openvins_testing) by extensions ['ros']
[2.308s] Level 1:colcon.colcon_core.package_identification:_identify(openvins_testing) by extension 'ros'
[2.321s] DEBUG:colcon.colcon_core.package_identification:Package 'openvins_testing' with type 'ros.ament_python' and name 'openvins_testing'
[2.321s] Level 1:colcon.colcon_core.package_discovery:discover_packages(recursive) using defaults
[2.321s] Level 1:colcon.colcon_core.package_discovery:discover_packages(ignore) discover
[2.322s] Level 1:colcon.colcon_core.package_discovery:discover_packages(ignore) using defaults
[2.322s] Level 1:colcon.colcon_core.package_discovery:discover_packages(path) discover
[2.322s] Level 1:colcon.colcon_core.package_discovery:discover_packages(path) using defaults
[2.397s] Level 1:colcon.colcon_core.package_discovery:discover_packages(prefix_path) check parameters
[2.397s] Level 1:colcon.colcon_core.package_discovery:discover_packages(prefix_path) discover
[2.410s] DEBUG:colcon.colcon_installed_package_information.package_discovery:Found 5 installed packages in /home/jetson/workspace/catkin_ws_ov/install
[2.417s] DEBUG:colcon.colcon_installed_package_information.package_discovery:Found 273 installed packages in /opt/ros/galactic
[2.426s] Level 1:colcon.colcon_core.package_discovery:discover_packages(prefix_path) using defaults
[2.920s] Level 5:colcon.colcon_core.verb:set package 'openvins_testing' build argument 'cmake_args' from command line to 'None'
[2.920s] Level 5:colcon.colcon_core.verb:set package 'openvins_testing' build argument 'cmake_target' from command line to 'None'
[2.920s] Level 5:colcon.colcon_core.verb:set package 'openvins_testing' build argument 'cmake_target_skip_unavailable' from command line to 'False'
[2.921s] Level 5:colcon.colcon_core.verb:set package 'openvins_testing' build argument 'cmake_clean_cache' from command line to 'False'
[2.921s] Level 5:colcon.colcon_core.verb:set package 'openvins_testing' build argument 'cmake_clean_first' from command line to 'False'
[2.921s] Level 5:colcon.colcon_core.verb:set package 'openvins_testing' build argument 'cmake_force_configure' from command line to 'False'
[2.921s] Level 5:colcon.colcon_core.verb:set package 'openvins_testing' build argument 'ament_cmake_args' from command line to 'None'
[2.921s] Level 5:colcon.colcon_core.verb:set package 'openvins_testing' build argument 'catkin_cmake_args' from command line to 'None'
[2.921s] Level 5:colcon.colcon_core.verb:set package 'openvins_testing' build argument 'catkin_skip_building_tests' from command line to 'False'
[2.921s] DEBUG:colcon.colcon_core.verb:Building package 'openvins_testing' with the following arguments: {'ament_cmake_args': None, 'build_base': '/home/jetson/luna/Lunabotics-WPI-25/Jetson/build/openvins_testing', 'catkin_cmake_args': None, 'catkin_skip_building_tests': False, 'cmake_args': None, 'cmake_clean_cache': False, 'cmake_clean_first': False, 'cmake_force_configure': False, 'cmake_target': None, 'cmake_target_skip_unavailable': False, 'install_base': '/home/jetson/luna/Lunabotics-WPI-25/Jetson/install/openvins_testing', 'merge_install': False, 'path': '/home/jetson/luna/Lunabotics-WPI-25/Jetson/openvins_testing', 'symlink_install': False, 'test_result_base': None}
[2.922s] INFO:colcon.colcon_core.executor:Executing jobs using 'parallel' executor
[2.925s] DEBUG:colcon.colcon_parallel_executor.executor.parallel:run_until_complete
[2.926s] INFO:colcon.colcon_ros.task.ament_python.build:Building ROS package in '/home/jetson/luna/Lunabotics-WPI-25/Jetson/openvins_testing' with build type 'ament_python'
[2.927s] Level 1:colcon.colcon_core.shell:create_environment_hook('openvins_testing', 'ament_prefix_path')
[2.940s] INFO:colcon.colcon_core.plugin_system:Skipping extension 'colcon_core.shell.bat': Not used on non-Windows systems
[2.941s] INFO:colcon.colcon_core.shell:Creating environment hook '/home/jetson/luna/Lunabotics-WPI-25/Jetson/install/openvins_testing/share/openvins_testing/hook/ament_prefix_path.ps1'
[2.944s] INFO:colcon.colcon_core.shell:Creating environment descriptor '/home/jetson/luna/Lunabotics-WPI-25/Jetson/install/openvins_testing/share/openvins_testing/hook/ament_prefix_path.dsv'
[2.948s] INFO:colcon.colcon_core.shell:Creating environment hook '/home/jetson/luna/Lunabotics-WPI-25/Jetson/install/openvins_testing/share/openvins_testing/hook/ament_prefix_path.sh'
[2.952s] INFO:colcon.colcon_core.shell:Skip shell extension 'powershell' for command environment: Not usable outside of PowerShell
[2.953s] DEBUG:colcon.colcon_core.shell:Skip shell extension 'dsv' for command environment
[4.011s] INFO:colcon.colcon_core.task.python.build:Building Python package in '/home/jetson/luna/Lunabotics-WPI-25/Jetson/openvins_testing'
[4.013s] INFO:colcon.colcon_core.shell:Skip shell extension 'powershell' for command environment: Not usable outside of PowerShell
[4.013s] DEBUG:colcon.colcon_core.shell:Skip shell extension 'dsv' for command environment
[5.885s] DEBUG:colcon.colcon_core.event_handler.log_command:Invoking command in '/home/jetson/luna/Lunabotics-WPI-25/Jetson/openvins_testing': PYTHONPATH=/home/jetson/luna/Lunabotics-WPI-25/Jetson/build/openvins_testing/prefix_override:/usr/lib/python3/dist-packages/colcon_core/task/python/colcon_distutils_commands:/home/jetson/luna/Lunabotics-WPI-25/Jetson/install/openvins_testing/lib/python3.8/site-packages:${PYTHONPATH} /usr/bin/python3 -W ignore:setup.py install is deprecated setup.py egg_info --egg-base ../build/openvins_testing build --build-base /home/jetson/luna/Lunabotics-WPI-25/Jetson/build/openvins_testing/build install --record /home/jetson/luna/Lunabotics-WPI-25/Jetson/build/openvins_testing/install.log --single-version-externally-managed install_data
[7.229s] DEBUG:colcon.colcon_core.event_handler.log_command:Invoked command in '/home/jetson/luna/Lunabotics-WPI-25/Jetson/openvins_testing' returned '0': PYTHONPATH=/home/jetson/luna/Lunabotics-WPI-25/Jetson/build/openvins_testing/prefix_override:/usr/lib/python3/dist-packages/colcon_core/task/python/colcon_distutils_commands:/home/jetson/luna/Lunabotics-WPI-25/Jetson/install/openvins_testing/lib/python3.8/site-packages:${PYTHONPATH} /usr/bin/python3 -W ignore:setup.py install is deprecated setup.py egg_info --egg-base ../build/openvins_testing build --build-base /home/jetson/luna/Lunabotics-WPI-25/Jetson/build/openvins_testing/build install --record /home/jetson/luna/Lunabotics-WPI-25/Jetson/build/openvins_testing/install.log --single-version-externally-managed install_data
[7.242s] Level 1:colcon.colcon_core.environment:checking '/home/jetson/luna/Lunabotics-WPI-25/Jetson/install/openvins_testing' for CMake module files
[7.244s] Level 1:colcon.colcon_core.environment:checking '/home/jetson/luna/Lunabotics-WPI-25/Jetson/install/openvins_testing' for CMake config files
[7.247s] Level 1:colcon.colcon_core.environment:checking '/home/jetson/luna/Lunabotics-WPI-25/Jetson/install/openvins_testing/lib'
[7.248s] Level 1:colcon.colcon_core.environment:checking '/home/jetson/luna/Lunabotics-WPI-25/Jetson/install/openvins_testing/bin'
[7.248s] Level 1:colcon.colcon_core.environment:checking '/home/jetson/luna/Lunabotics-WPI-25/Jetson/install/openvins_testing/lib/pkgconfig/openvins_testing.pc'
[7.249s] Level 1:colcon.colcon_core.environment:checking '/home/jetson/luna/Lunabotics-WPI-25/Jetson/install/openvins_testing/lib/python3.8/site-packages'
[7.250s] Level 1:colcon.colcon_core.shell:create_environment_hook('openvins_testing', 'pythonpath')
[7.251s] INFO:colcon.colcon_core.shell:Creating environment hook '/home/jetson/luna/Lunabotics-WPI-25/Jetson/install/openvins_testing/share/openvins_testing/hook/pythonpath.ps1'
[7.253s] INFO:colcon.colcon_core.shell:Creating environment descriptor '/home/jetson/luna/Lunabotics-WPI-25/Jetson/install/openvins_testing/share/openvins_testing/hook/pythonpath.dsv'
[7.255s] INFO:colcon.colcon_core.shell:Creating environment hook '/home/jetson/luna/Lunabotics-WPI-25/Jetson/install/openvins_testing/share/openvins_testing/hook/pythonpath.sh'
[7.257s] Level 1:colcon.colcon_core.environment:checking '/home/jetson/luna/Lunabotics-WPI-25/Jetson/install/openvins_testing/bin'
[7.257s] Level 1:colcon.colcon_core.environment:create_environment_scripts_only(openvins_testing)
[7.259s] INFO:colcon.colcon_core.shell:Creating package script '/home/jetson/luna/Lunabotics-WPI-25/Jetson/install/openvins_testing/share/openvins_testing/package.ps1'
[7.263s] INFO:colcon.colcon_core.shell:Creating package descriptor '/home/jetson/luna/Lunabotics-WPI-25/Jetson/install/openvins_testing/share/openvins_testing/package.dsv'
[7.266s] INFO:colcon.colcon_core.shell:Creating package script '/home/jetson/luna/Lunabotics-WPI-25/Jetson/install/openvins_testing/share/openvins_testing/package.sh'
[7.270s] INFO:colcon.colcon_core.shell:Creating package script '/home/jetson/luna/Lunabotics-WPI-25/Jetson/install/openvins_testing/share/openvins_testing/package.bash'
[7.273s] INFO:colcon.colcon_core.shell:Creating package script '/home/jetson/luna/Lunabotics-WPI-25/Jetson/install/openvins_testing/share/openvins_testing/package.zsh'
[7.277s] Level 1:colcon.colcon_core.environment:create_file_with_runtime_dependencies(/home/jetson/luna/Lunabotics-WPI-25/Jetson/install/openvins_testing/share/colcon-core/packages/openvins_testing)
[7.278s] DEBUG:colcon.colcon_parallel_executor.executor.parallel:closing loop
[7.280s] DEBUG:colcon.colcon_parallel_executor.executor.parallel:loop closed
[7.280s] DEBUG:colcon.colcon_parallel_executor.executor.parallel:run_until_complete finished with '0'
[7.282s] DEBUG:colcon.colcon_core.event_reactor:joining thread
[7.309s] INFO:colcon.colcon_core.plugin_system:Skipping extension 'colcon_notification.desktop_notification.terminal_notifier': Not used on non-Darwin systems
[7.310s] INFO:colcon.colcon_core.plugin_system:Skipping extension 'colcon_notification.desktop_notification.win32': Not used on non-Windows systems
[7.310s] INFO:colcon.colcon_notification.desktop_notification:Sending desktop notification using 'notify2'
[7.373s] DEBUG:colcon.colcon_core.event_reactor:joined thread
[7.374s] INFO:colcon.colcon_core.shell:Creating prefix script '/home/jetson/luna/Lunabotics-WPI-25/Jetson/install/local_setup.ps1'
[7.379s] INFO:colcon.colcon_core.shell:Creating prefix util module '/home/jetson/luna/Lunabotics-WPI-25/Jetson/install/_local_setup_util_ps1.py'
[7.386s] INFO:colcon.colcon_core.shell:Creating prefix chain script '/home/jetson/luna/Lunabotics-WPI-25/Jetson/install/setup.ps1'
[7.393s] INFO:colcon.colcon_core.shell:Creating prefix script '/home/jetson/luna/Lunabotics-WPI-25/Jetson/install/local_setup.sh'
[7.397s] INFO:colcon.colcon_core.shell:Creating prefix util module '/home/jetson/luna/Lunabotics-WPI-25/Jetson/install/_local_setup_util_sh.py'
[7.400s] INFO:colcon.colcon_core.shell:Creating prefix chain script '/home/jetson/luna/Lunabotics-WPI-25/Jetson/install/setup.sh'
[7.406s] INFO:colcon.colcon_core.shell:Creating prefix script '/home/jetson/luna/Lunabotics-WPI-25/Jetson/install/local_setup.bash'
[7.409s] INFO:colcon.colcon_core.shell:Creating prefix chain script '/home/jetson/luna/Lunabotics-WPI-25/Jetson/install/setup.bash'
[7.416s] INFO:colcon.colcon_core.shell:Creating prefix script '/home/jetson/luna/Lunabotics-WPI-25/Jetson/install/local_setup.zsh'
[7.419s] INFO:colcon.colcon_core.shell:Creating prefix chain script '/home/jetson/luna/Lunabotics-WPI-25/Jetson/install/setup.zsh'
